2022-06-20 23:10:38,004 INFO [restartedMain] c.r.c.CommunityApplication [StartupInfoLogger.java:55] Starting CommunityApplication using Java 17.0.2 on Robin with PID 17168 (C:\Robin_Project\Community\target\classes started by liyij in C:\Robin_Project\Community)
2022-06-20 23:10:38,008 INFO [restartedMain] c.r.c.CommunityApplication [SpringApplication.java:640] No active profile set, falling back to 1 default profile: "default"
2022-06-20 23:10:38,033 INFO [restartedMain] o.s.b.d.e.DevToolsPropertyDefaultsPostProcessor [DeferredLog.java:255] Devtools property defaults active! Set 'spring.devtools.add-properties' to 'false' to disable
2022-06-20 23:10:38,033 INFO [restartedMain] o.s.b.d.e.DevToolsPropertyDefaultsPostProcessor [DeferredLog.java:255] For additional web related logging consider setting the 'logging.level.web' property to 'DEBUG'
2022-06-20 23:10:38,616 INFO [restartedMain] o.s.b.w.e.t.TomcatWebServer [TomcatWebServer.java:108] Tomcat initialized with port(s): 8080 (http)
2022-06-20 23:10:38,637 INFO [restartedMain] o.a.c.h.Http11NioProtocol [DirectJDKLog.java:173] Initializing ProtocolHandler ["http-nio-8080"]
2022-06-20 23:10:38,637 INFO [restartedMain] o.a.c.c.StandardService [DirectJDKLog.java:173] Starting service [Tomcat]
2022-06-20 23:10:38,637 INFO [restartedMain] o.a.c.c.StandardEngine [DirectJDKLog.java:173] Starting Servlet engine: [Apache Tomcat/9.0.62]
2022-06-20 23:10:38,685 INFO [restartedMain] o.a.c.c.C.[.[.[/community] [DirectJDKLog.java:173] Initializing Spring embedded WebApplicationContext
2022-06-20 23:10:38,685 INFO [restartedMain] o.s.b.w.s.c.ServletWebServerApplicationContext [ServletWebServerApplicationContext.java:290] Root WebApplicationContext: initialization completed in 651 ms
2022-06-20 23:10:38,987 INFO [restartedMain] o.s.b.a.w.s.WelcomePageHandlerMapping [WelcomePageHandlerMapping.java:57] Adding welcome page template: index
2022-06-20 23:10:39,047 INFO [restartedMain] o.s.b.d.a.OptionalLiveReloadServer [OptionalLiveReloadServer.java:58] LiveReload server is running on port 35729
2022-06-20 23:10:39,055 INFO [restartedMain] o.a.c.h.Http11NioProtocol [DirectJDKLog.java:173] Starting ProtocolHandler ["http-nio-8080"]
2022-06-20 23:10:39,065 INFO [restartedMain] o.s.b.w.e.t.TomcatWebServer [TomcatWebServer.java:220] Tomcat started on port(s): 8080 (http) with context path '/community'
2022-06-20 23:10:39,071 INFO [restartedMain] c.r.c.CommunityApplication [StartupInfoLogger.java:61] Started CommunityApplication in 1.319 seconds (JVM running for 1.704)
2022-06-20 23:11:11,611 INFO [http-nio-8080-exec-1] o.a.c.c.C.[.[.[/community] [DirectJDKLog.java:173] Initializing Spring DispatcherServlet 'dispatcherServlet'
2022-06-20 23:11:11,611 INFO [http-nio-8080-exec-1] o.s.w.s.DispatcherServlet [FrameworkServlet.java:525] Initializing Servlet 'dispatcherServlet'
2022-06-20 23:11:11,612 INFO [http-nio-8080-exec-1] o.s.w.s.DispatcherServlet [FrameworkServlet.java:547] Completed initialization in 1 ms
2022-06-20 23:11:11,642 INFO [http-nio-8080-exec-1] c.z.h.HikariDataSource [HikariDataSource.java:110] HikariPool-1 - Starting...
2022-06-20 23:11:11,743 INFO [http-nio-8080-exec-1] c.z.h.HikariDataSource [HikariDataSource.java:123] HikariPool-1 - Start completed.
2022-06-20 23:15:50,508 INFO [SpringApplicationShutdownHook] c.z.h.HikariDataSource [HikariDataSource.java:350] HikariPool-1 - Shutdown initiated...
2022-06-20 23:15:50,509 INFO [SpringApplicationShutdownHook] c.z.h.HikariDataSource [HikariDataSource.java:352] HikariPool-1 - Shutdown completed.
2022-06-20 23:19:19,407 INFO [restartedMain] c.r.c.CommunityApplication [StartupInfoLogger.java:55] Starting CommunityApplication using Java 17.0.2 on Robin with PID 29264 (C:\Robin_Project\Community\target\classes started by liyij in C:\Robin_Project\Community)
2022-06-20 23:19:19,408 INFO [restartedMain] c.r.c.CommunityApplication [SpringApplication.java:640] No active profile set, falling back to 1 default profile: "default"
2022-06-20 23:19:19,428 INFO [restartedMain] o.s.b.d.e.DevToolsPropertyDefaultsPostProcessor [DeferredLog.java:255] Devtools property defaults active! Set 'spring.devtools.add-properties' to 'false' to disable
2022-06-20 23:19:19,428 INFO [restartedMain] o.s.b.d.e.DevToolsPropertyDefaultsPostProcessor [DeferredLog.java:255] For additional web related logging consider setting the 'logging.level.web' property to 'DEBUG'
2022-06-20 23:19:19,963 INFO [restartedMain] o.s.b.w.e.t.TomcatWebServer [TomcatWebServer.java:108] Tomcat initialized with port(s): 8080 (http)
2022-06-20 23:19:19,967 INFO [restartedMain] o.a.c.h.Http11NioProtocol [DirectJDKLog.java:173] Initializing ProtocolHandler ["http-nio-8080"]
2022-06-20 23:19:19,967 INFO [restartedMain] o.a.c.c.StandardService [DirectJDKLog.java:173] Starting service [Tomcat]
2022-06-20 23:19:19,967 INFO [restartedMain] o.a.c.c.StandardEngine [DirectJDKLog.java:173] Starting Servlet engine: [Apache Tomcat/9.0.62]
2022-06-20 23:19:20,005 INFO [restartedMain] o.a.c.c.C.[.[.[/community] [DirectJDKLog.java:173] Initializing Spring embedded WebApplicationContext
2022-06-20 23:19:20,005 INFO [restartedMain] o.s.b.w.s.c.ServletWebServerApplicationContext [ServletWebServerApplicationContext.java:290] Root WebApplicationContext: initialization completed in 576 ms
2022-06-20 23:19:20,304 INFO [restartedMain] o.s.b.a.w.s.WelcomePageHandlerMapping [WelcomePageHandlerMapping.java:57] Adding welcome page template: index
2022-06-20 23:19:20,363 INFO [restartedMain] o.s.b.d.a.OptionalLiveReloadServer [OptionalLiveReloadServer.java:58] LiveReload server is running on port 35729
2022-06-20 23:19:20,371 INFO [restartedMain] o.a.c.h.Http11NioProtocol [DirectJDKLog.java:173] Starting ProtocolHandler ["http-nio-8080"]
2022-06-20 23:19:20,381 INFO [restartedMain] o.s.b.w.e.t.TomcatWebServer [TomcatWebServer.java:220] Tomcat started on port(s): 8080 (http) with context path '/community'
2022-06-20 23:19:20,387 INFO [restartedMain] c.r.c.CommunityApplication [StartupInfoLogger.java:61] Started CommunityApplication in 1.196 seconds (JVM running for 1.533)
2022-06-20 23:19:22,430 INFO [http-nio-8080-exec-1] o.a.c.c.C.[.[.[/community] [DirectJDKLog.java:173] Initializing Spring DispatcherServlet 'dispatcherServlet'
2022-06-20 23:19:22,430 INFO [http-nio-8080-exec-1] o.s.w.s.DispatcherServlet [FrameworkServlet.java:525] Initializing Servlet 'dispatcherServlet'
2022-06-20 23:19:22,431 INFO [http-nio-8080-exec-1] o.s.w.s.DispatcherServlet [FrameworkServlet.java:547] Completed initialization in 1 ms
2022-06-20 23:19:22,444 INFO [http-nio-8080-exec-1] c.z.h.HikariDataSource [HikariDataSource.java:110] HikariPool-1 - Starting...
2022-06-20 23:19:22,501 INFO [http-nio-8080-exec-1] c.z.h.HikariDataSource [HikariDataSource.java:123] HikariPool-1 - Start completed.
2022-06-20 23:21:57,969 INFO [SpringApplicationShutdownHook] c.z.h.HikariDataSource [HikariDataSource.java:350] HikariPool-1 - Shutdown initiated...
2022-06-20 23:21:57,972 INFO [SpringApplicationShutdownHook] c.z.h.HikariDataSource [HikariDataSource.java:352] HikariPool-1 - Shutdown completed.
2022-06-20 23:22:00,580 INFO [restartedMain] c.r.c.CommunityApplication [StartupInfoLogger.java:55] Starting CommunityApplication using Java 17.0.2 on Robin with PID 19192 (C:\Robin_Project\Community\target\classes started by liyij in C:\Robin_Project\Community)
2022-06-20 23:22:00,582 INFO [restartedMain] c.r.c.CommunityApplication [SpringApplication.java:640] No active profile set, falling back to 1 default profile: "default"
2022-06-20 23:22:00,614 INFO [restartedMain] o.s.b.d.e.DevToolsPropertyDefaultsPostProcessor [DeferredLog.java:255] Devtools property defaults active! Set 'spring.devtools.add-properties' to 'false' to disable
2022-06-20 23:22:00,614 INFO [restartedMain] o.s.b.d.e.DevToolsPropertyDefaultsPostProcessor [DeferredLog.java:255] For additional web related logging consider setting the 'logging.level.web' property to 'DEBUG'
2022-06-20 23:22:01,134 INFO [restartedMain] o.s.b.w.e.t.TomcatWebServer [TomcatWebServer.java:108] Tomcat initialized with port(s): 8080 (http)
2022-06-20 23:22:01,139 INFO [restartedMain] o.a.c.h.Http11NioProtocol [DirectJDKLog.java:173] Initializing ProtocolHandler ["http-nio-8080"]
2022-06-20 23:22:01,139 INFO [restartedMain] o.a.c.c.StandardService [DirectJDKLog.java:173] Starting service [Tomcat]
2022-06-20 23:22:01,139 INFO [restartedMain] o.a.c.c.StandardEngine [DirectJDKLog.java:173] Starting Servlet engine: [Apache Tomcat/9.0.62]
2022-06-20 23:22:01,180 INFO [restartedMain] o.a.c.c.C.[.[.[/community] [DirectJDKLog.java:173] Initializing Spring embedded WebApplicationContext
2022-06-20 23:22:01,180 INFO [restartedMain] o.s.b.w.s.c.ServletWebServerApplicationContext [ServletWebServerApplicationContext.java:290] Root WebApplicationContext: initialization completed in 565 ms
2022-06-20 23:22:01,454 INFO [restartedMain] o.s.b.a.w.s.WelcomePageHandlerMapping [WelcomePageHandlerMapping.java:57] Adding welcome page template: index
2022-06-20 23:22:01,514 INFO [restartedMain] o.s.b.d.a.OptionalLiveReloadServer [OptionalLiveReloadServer.java:58] LiveReload server is running on port 35729
2022-06-20 23:22:01,522 INFO [restartedMain] o.a.c.h.Http11NioProtocol [DirectJDKLog.java:173] Starting ProtocolHandler ["http-nio-8080"]
2022-06-20 23:22:01,532 INFO [restartedMain] o.s.b.w.e.t.TomcatWebServer [TomcatWebServer.java:220] Tomcat started on port(s): 8080 (http) with context path '/community'
2022-06-20 23:22:01,538 INFO [restartedMain] c.r.c.CommunityApplication [StartupInfoLogger.java:61] Started CommunityApplication in 1.188 seconds (JVM running for 1.539)
2022-06-20 23:22:03,250 INFO [http-nio-8080-exec-1] o.a.c.c.C.[.[.[/community] [DirectJDKLog.java:173] Initializing Spring DispatcherServlet 'dispatcherServlet'
2022-06-20 23:22:03,251 INFO [http-nio-8080-exec-1] o.s.w.s.DispatcherServlet [FrameworkServlet.java:525] Initializing Servlet 'dispatcherServlet'
2022-06-20 23:22:03,251 INFO [http-nio-8080-exec-1] o.s.w.s.DispatcherServlet [FrameworkServlet.java:547] Completed initialization in 0 ms
2022-06-20 23:22:03,264 INFO [http-nio-8080-exec-1] c.z.h.HikariDataSource [HikariDataSource.java:110] HikariPool-1 - Starting...
2022-06-20 23:22:03,321 INFO [http-nio-8080-exec-1] c.z.h.HikariDataSource [HikariDataSource.java:123] HikariPool-1 - Start completed.
2022-06-20 23:25:25,466 INFO [SpringApplicationShutdownHook] c.z.h.HikariDataSource [HikariDataSource.java:350] HikariPool-1 - Shutdown initiated...
2022-06-20 23:25:25,469 INFO [SpringApplicationShutdownHook] c.z.h.HikariDataSource [HikariDataSource.java:352] HikariPool-1 - Shutdown completed.
2022-06-20 23:25:28,265 INFO [restartedMain] c.r.c.CommunityApplication [StartupInfoLogger.java:55] Starting CommunityApplication using Java 17.0.2 on Robin with PID 29032 (C:\Robin_Project\Community\target\classes started by liyij in C:\Robin_Project\Community)
2022-06-20 23:25:28,266 INFO [restartedMain] c.r.c.CommunityApplication [SpringApplication.java:640] No active profile set, falling back to 1 default profile: "default"
2022-06-20 23:25:28,286 INFO [restartedMain] o.s.b.d.e.DevToolsPropertyDefaultsPostProcessor [DeferredLog.java:255] Devtools property defaults active! Set 'spring.devtools.add-properties' to 'false' to disable
2022-06-20 23:25:28,286 INFO [restartedMain] o.s.b.d.e.DevToolsPropertyDefaultsPostProcessor [DeferredLog.java:255] For additional web related logging consider setting the 'logging.level.web' property to 'DEBUG'
2022-06-20 23:25:28,770 INFO [restartedMain] o.s.b.w.e.t.TomcatWebServer [TomcatWebServer.java:108] Tomcat initialized with port(s): 8080 (http)
2022-06-20 23:25:28,773 INFO [restartedMain] o.a.c.h.Http11NioProtocol [DirectJDKLog.java:173] Initializing ProtocolHandler ["http-nio-8080"]
2022-06-20 23:25:28,774 INFO [restartedMain] o.a.c.c.StandardService [DirectJDKLog.java:173] Starting service [Tomcat]
2022-06-20 23:25:28,774 INFO [restartedMain] o.a.c.c.StandardEngine [DirectJDKLog.java:173] Starting Servlet engine: [Apache Tomcat/9.0.62]
2022-06-20 23:25:28,810 INFO [restartedMain] o.a.c.c.C.[.[.[/community] [DirectJDKLog.java:173] Initializing Spring embedded WebApplicationContext
2022-06-20 23:25:28,810 INFO [restartedMain] o.s.b.w.s.c.ServletWebServerApplicationContext [ServletWebServerApplicationContext.java:290] Root WebApplicationContext: initialization completed in 523 ms
2022-06-20 23:25:29,073 INFO [restartedMain] o.s.b.a.w.s.WelcomePageHandlerMapping [WelcomePageHandlerMapping.java:57] Adding welcome page template: index
2022-06-20 23:25:29,132 INFO [restartedMain] o.s.b.d.a.OptionalLiveReloadServer [OptionalLiveReloadServer.java:58] LiveReload server is running on port 35729
2022-06-20 23:25:29,141 INFO [restartedMain] o.a.c.h.Http11NioProtocol [DirectJDKLog.java:173] Starting ProtocolHandler ["http-nio-8080"]
2022-06-20 23:25:29,151 INFO [restartedMain] o.s.b.w.e.t.TomcatWebServer [TomcatWebServer.java:220] Tomcat started on port(s): 8080 (http) with context path '/community'
2022-06-20 23:25:29,157 INFO [restartedMain] c.r.c.CommunityApplication [StartupInfoLogger.java:61] Started CommunityApplication in 1.096 seconds (JVM running for 1.42)
2022-06-20 23:25:33,399 INFO [http-nio-8080-exec-1] o.a.c.c.C.[.[.[/community] [DirectJDKLog.java:173] Initializing Spring DispatcherServlet 'dispatcherServlet'
2022-06-20 23:25:33,399 INFO [http-nio-8080-exec-1] o.s.w.s.DispatcherServlet [FrameworkServlet.java:525] Initializing Servlet 'dispatcherServlet'
2022-06-20 23:25:33,399 INFO [http-nio-8080-exec-1] o.s.w.s.DispatcherServlet [FrameworkServlet.java:547] Completed initialization in 0 ms
2022-06-20 23:25:33,413 INFO [http-nio-8080-exec-1] c.z.h.HikariDataSource [HikariDataSource.java:110] HikariPool-1 - Starting...
2022-06-20 23:25:33,470 INFO [http-nio-8080-exec-1] c.z.h.HikariDataSource [HikariDataSource.java:123] HikariPool-1 - Start completed.
2022-06-20 23:25:51,442 INFO [SpringApplicationShutdownHook] c.z.h.HikariDataSource [HikariDataSource.java:350] HikariPool-1 - Shutdown initiated...
2022-06-20 23:25:51,445 INFO [SpringApplicationShutdownHook] c.z.h.HikariDataSource [HikariDataSource.java:352] HikariPool-1 - Shutdown completed.
