2022-06-06 14:51:09,960 INFO [main] c.r.c.MapperTest [StartupInfoLogger.java:55] Starting MapperTest using Java 17.0.2 on Robin with PID 29476 (started by liyij in C:\Robin_Project\Community)
2022-06-06 14:51:09,965 INFO [main] c.r.c.MapperTest [SpringApplication.java:640] No active profile set, falling back to 1 default profile: "default"
2022-06-06 14:51:11,237 INFO [main] o.s.b.a.w.s.WelcomePageHandlerMapping [WelcomePageHandlerMapping.java:57] Adding welcome page template: index
2022-06-06 14:51:11,417 INFO [main] c.r.c.MapperTest [StartupInfoLogger.java:61] Started MapperTest in 1.707 seconds (JVM running for 2.283)
2022-06-06 14:55:01,267 INFO [main] c.r.c.MapperTest [StartupInfoLogger.java:55] Starting MapperTest using Java 17.0.2 on Robin with PID 36044 (started by liyij in C:\Robin_Project\Community)
2022-06-06 14:55:01,280 INFO [main] c.r.c.MapperTest [SpringApplication.java:640] No active profile set, falling back to 1 default profile: "default"
2022-06-06 14:55:02,329 INFO [main] o.s.b.a.w.s.WelcomePageHandlerMapping [WelcomePageHandlerMapping.java:57] Adding welcome page template: index
2022-06-06 14:55:02,493 INFO [main] c.r.c.MapperTest [StartupInfoLogger.java:61] Started MapperTest in 1.456 seconds (JVM running for 1.991)
2022-06-06 14:55:35,818 INFO [main] c.r.c.MapperTest [StartupInfoLogger.java:55] Starting MapperTest using Java 17.0.2 on Robin with PID 10556 (started by liyij in C:\Robin_Project\Community)
2022-06-06 14:55:35,819 INFO [main] c.r.c.MapperTest [SpringApplication.java:640] No active profile set, falling back to 1 default profile: "default"
2022-06-06 14:55:36,888 INFO [main] o.s.b.a.w.s.WelcomePageHandlerMapping [WelcomePageHandlerMapping.java:57] Adding welcome page template: index
2022-06-06 14:55:37,045 INFO [main] c.r.c.MapperTest [StartupInfoLogger.java:61] Started MapperTest in 1.439 seconds (JVM running for 1.949)
2022-06-06 14:55:37,412 INFO [main] c.z.h.HikariDataSource [HikariDataSource.java:110] HikariPool-1 - Starting...
2022-06-06 14:55:37,541 INFO [main] c.z.h.HikariDataSource [HikariDataSource.java:123] HikariPool-1 - Start completed.
2022-06-06 14:55:37,601 INFO [SpringApplicationShutdownHook] c.z.h.HikariDataSource [HikariDataSource.java:350] HikariPool-1 - Shutdown initiated...
2022-06-06 14:55:37,608 INFO [SpringApplicationShutdownHook] c.z.h.HikariDataSource [HikariDataSource.java:352] HikariPool-1 - Shutdown completed.
2022-06-06 14:56:22,414 INFO [main] c.r.c.MapperTest [StartupInfoLogger.java:55] Starting MapperTest using Java 17.0.2 on Robin with PID 23756 (started by liyij in C:\Robin_Project\Community)
2022-06-06 14:56:22,415 INFO [main] c.r.c.MapperTest [SpringApplication.java:640] No active profile set, falling back to 1 default profile: "default"
2022-06-06 14:56:23,566 INFO [main] o.s.b.a.w.s.WelcomePageHandlerMapping [WelcomePageHandlerMapping.java:57] Adding welcome page template: index
2022-06-06 14:56:23,718 INFO [main] c.r.c.MapperTest [StartupInfoLogger.java:61] Started MapperTest in 1.525 seconds (JVM running for 2.063)
2022-06-06 14:56:24,063 INFO [main] c.z.h.HikariDataSource [HikariDataSource.java:110] HikariPool-1 - Starting...
2022-06-06 14:56:24,202 INFO [main] c.z.h.HikariDataSource [HikariDataSource.java:123] HikariPool-1 - Start completed.
2022-06-06 14:56:24,313 INFO [SpringApplicationShutdownHook] c.z.h.HikariDataSource [HikariDataSource.java:350] HikariPool-1 - Shutdown initiated...
2022-06-06 14:56:24,318 INFO [SpringApplicationShutdownHook] c.z.h.HikariDataSource [HikariDataSource.java:352] HikariPool-1 - Shutdown completed.
